<?xml version="1.0" encoding="UTF-8"?>
<!-- Generated by org.testng.reporters.JUnitReportReporter -->
<testsuite hostname="Shrinidhis-MacBook-Air.local" failures="0" tests="1" name="com.ui.framework.testCases.Department" time="20.303" errors="0" timestamp="2022-07-27T16:35:42 NZST" skipped="0">
  <testcase classname="com.ui.framework.testCases.Department" name="validateAboutItemTextTest" time="20.303"/>
</testsuite> <!-- com.ui.framework.testCases.Department -->
